Build started 14-May-18 19:55:41.
     1>Project "E:\Programiranje\Osnovi Programiranja Lab\Lab9\Lab9\Lab9.vcxproj" on node 2 (Build target(s)).
     1>ClCompile:
         C:\Program Files (x86)\Microsoft Visual Studio 12.0\VC\bin\CL.exe /c /ZI /nologo /W3 /WX- /sdl /Od /Oy- /D WIN32 /D _DEBUG /D _CONSOLE /D _LIB /D _UNICODE /D UNICODE /Gm /EHsc /RTC1 /MDd /GS /fp:precise /Zc:wchar_t /Zc:forScope /Yu"stdafx.h" /Fp"Debug\Lab9.pch" /Fo"Debug\\" /Fd"Debug\vc120.pdb" /Gd /TP /analyze- /errorReport:prompt Lab9.cpp
         Lab9.cpp
     1>e:\programiranje\osnovi programiranja lab\lab9\lab9\lab9.cpp(9): warning C4244: 'argument' : conversion from 'time_t' to 'unsigned int', possible loss of data
     1>e:\programiranje\osnovi programiranja lab\lab9\lab9\lab9.cpp(11): warning C4101: 'n' : unreferenced local variable
     1>e:\programiranje\osnovi programiranja lab\lab9\lab9\lab9.cpp(70): warning C4244: 'argument' : conversion from 'time_t' to 'unsigned int', possible loss of data
     1>e:\programiranje\osnovi programiranja lab\lab9\lab9\lab9.cpp(92): warning C4244: 'argument' : conversion from 'time_t' to 'unsigned int', possible loss of data
     1>e:\programiranje\osnovi programiranja lab\lab9\lab9\lab9.cpp(117): warning C4244: 'argument' : conversion from 'time_t' to 'unsigned int', possible loss of data
     1>e:\programiranje\osnovi programiranja lab\lab9\lab9\lab9.cpp(185): warning C4244: 'argument' : conversion from 'time_t' to 'unsigned int', possible loss of data
     1>e:\programiranje\osnovi programiranja lab\lab9\lab9\lab9.cpp(201): warning C4244: 'argument' : conversion from 'time_t' to 'unsigned int', possible loss of data
     1>e:\programiranje\osnovi programiranja lab\lab9\lab9\lab9.cpp(235): warning C4244: 'argument' : conversion from 'time_t' to 'unsigned int', possible loss of data
       Link:
         C:\Program Files (x86)\Microsoft Visual Studio 12.0\VC\bin\link.exe /ERRORREPORT:PROMPT /OUT:"E:\Programiranje\Osnovi Programiranja Lab\Lab9\Debug\Lab9.exe" /INCREMENTAL /NOLOGO kernel32.lib user32.lib gdi32.lib winspool.lib comdlg32.lib advapi32.lib shell32.lib ole32.lib oleaut32.lib uuid.lib odbc32.lib odbccp32.lib /MANIFEST /MANIFESTUAC:"level='asInvoker' uiAccess='false'" /manifest:embed /DEBUG /PDB:"E:\Programiranje\Osnovi Programiranja Lab\Lab9\Debug\Lab9.pdb" /SUBSYSTEM:CONSOLE /TLBID:1 /DYNAMICBASE /NXCOMPAT /IMPLIB:"E:\Programiranje\Osnovi Programiranja Lab\Lab9\Debug\Lab9.lib" /MACHINE:X86 Debug\Lab9.obj
         Debug\stdafx.obj
         Lab9.vcxproj -> E:\Programiranje\Osnovi Programiranja Lab\Lab9\Debug\Lab9.exe
     1>Done Building Project "E:\Programiranje\Osnovi Programiranja Lab\Lab9\Lab9\Lab9.vcxproj" (Build target(s)).

Build succeeded.

Time Elapsed 00:00:00.56
